#-----------------------------------------------------------
# Vivado v2016.2 (64-bit)
# SW Build 1577090 on Thu Jun  2 16:32:40 MDT 2016
# IP Build 1577682 on Fri Jun  3 12:00:54 MDT 2016
# Start of session at: Tue Jan 10 23:04:50 2017
# Process ID: 11024
# Current directory: D:/Xilinx/Projects/Bricks_6
# Command line: vivado.exe -gui_launcher_event rodinguilauncherevent10304 D:\Xilinx\Projects\Bricks_6\project_1.xpr
# Log file: D:/Xilinx/Projects/Bricks_6/vivado.log
# Journal file: D:/Xilinx/Projects/Bricks_6\vivado.jou
#-----------------------------------------------------------
start_gui
open_project D:/Xilinx/Projects/Bricks_6/project_1.xpr
CRITICAL WARNING: [Project 1-19] Could not find the file 'D:/Xilinx/MATLAB/ANUPimage2coe/GameOver.coe'.
Scanning sources...
Finished scanning sources
INFO: [IP_Flow 19-234] Refreshing IP repositories
INFO: [IP_Flow 19-1704] No user IP repositories specified
INFO: [IP_Flow 19-2313] Loaded Vivado IP repository 'D:/Xilinx/Vivado/2016.2/data/ip'.
open_project: Time (s): cpu = 00:00:19 ; elapsed = 00:00:10 . Memory (MB): peak = 732.109 ; gain = 147.273
exit
INFO: [Common 17-206] Exiting Vivado at Tue Jan 10 23:05:36 2017...
